app/build/outputs/logs/manifest-merger-debug-report.txt
-- Merging decision tree log ---
manifest
ADDED from AndroidManifest.xml:2:1
	package
		ADDED from AndroidManifest.xml:3:7
		INJECTED from AndroidManifest.xml:0:0
		INJECTED from AndroidManifest.xml:0:0
	android:versionName
		ADDED from AndroidManifest.xml:5:7
	android:versionCode
		ADDED from AndroidManifest.xml:4:7
		INJECTED from AndroidManifest.xml:0:0
		INJECTED from AndroidManifest.xml:0:0
	xmlns:android
		ADDED from AndroidManifest.xml:2:11
uses-sdk
ADDED from AndroidManifest.xml:7:5
	android:targetSdkVersion
		INJECTED from AndroidManifest.xml:0:0
		INJECTED from AndroidManifest.xml:0:0
	android:minSdkVersion
		ADDED from AndroidManifest.xml:7:15
		INJECTED from AndroidManifest.xml:0:0
		INJECTED from AndroidManifest.xml:0:0
uses-permission#android.permission.ACCESS_NETWORK_STATE
ADDED from AndroidManifest.xml:9:5
	android:name
		ADDED from AndroidManifest.xml:9:22
uses-permission#android.permission.CHANGE_NETWORK_STATE
ADDED from AndroidManifest.xml:10:5
	android:name
		ADDED from AndroidManifest.xml:10:22
uses-permission#android.permission.ACCESS_WIFI_STATE
ADDED from AndroidManifest.xml:11:5
	android:name
		ADDED from AndroidManifest.xml:11:22
uses-permission#android.permission.CHANGE_WIFI_STATE
ADDED from AndroidManifest.xml:12:5
	android:name
		ADDED from AndroidManifest.xml:12:22
uses-permission#android.permission.READ_PHONE_STATE
ADDED from AndroidManifest.xml:13:5
	android:name
		ADDED from AndroidManifest.xml:13:22
uses-permission#android.permission.RECEIVE_SMS
ADDED from AndroidManifest.xml:14:5
	android:name
		ADDED from AndroidManifest.xml:14:22
uses-permission#android.permission.RECEIVE_MMS
ADDED from AndroidManifest.xml:15:5
	android:name
		ADDED from AndroidManifest.xml:15:22
uses-permission#android.permission.SEND_SMS
ADDED from AndroidManifest.xml:16:5
	android:name
		ADDED from AndroidManifest.xml:16:22
uses-permission#android.permission.READ_SMS
ADDED from AndroidManifest.xml:17:5
	android:name
		ADDED from AndroidManifest.xml:17:22
uses-permission#android.permission.WRITE_SMS
ADDED from AndroidManifest.xml:18:5
	android:name
		ADDED from AndroidManifest.xml:18:22
uses-permission#android.permission.WAKE_LOCK
ADDED from AndroidManifest.xml:19:5
	android:name
		ADDED from AndroidManifest.xml:19:22
uses-permission#android.permission.RECEIVE_BOOT_COMPLETED
ADDED from AndroidManifest.xml:20:5
	android:name
		ADDED from AndroidManifest.xml:20:22
uses-permission#android.permission.INTERNET
ADDED from AndroidManifest.xml:21:5
	android:name
		ADDED from AndroidManifest.xml:21:22
uses-permission#android.permission.WRITE_SETTINGS
ADDED from AndroidManifest.xml:22:5
	android:name
		ADDED from AndroidManifest.xml:22:22
application
ADDED from AndroidManifest.xml:24:5
	android:label
		ADDED from AndroidManifest.xml:25:39
	android:icon
		ADDED from AndroidManifest.xml:25:9
	android:name
		ADDED from AndroidManifest.xml:24:18
activity#ml.jokkolabs.fondasms.ui.Main
ADDED from AndroidManifest.xml:26:9
	android:label
		ADDED from AndroidManifest.xml:26:64
	android:noHistory
		ADDED from AndroidManifest.xml:26:97
	android:name
		ADDED from AndroidManifest.xml:26:19
intent-filter#android.intent.action.MAIN+android.intent.category.LAUNCHER
ADDED from AndroidManifest.xml:27:13
action#android.intent.action.MAIN
ADDED from AndroidManifest.xml:28:17
	android:name
		ADDED from AndroidManifest.xml:28:25
category#android.intent.category.LAUNCHER
ADDED from AndroidManifest.xml:29:17
	android:name
		ADDED from AndroidManifest.xml:29:27
activity#ml.jokkolabs.fondasms.ui.LogView
ADDED from AndroidManifest.xml:33:9
	android:label
		ADDED from AndroidManifest.xml:33:67
	android:name
		ADDED from AndroidManifest.xml:33:19
activity#ml.jokkolabs.fondasms.ui.Help
ADDED from AndroidManifest.xml:34:9
	android:label
		ADDED from AndroidManifest.xml:34:64
	android:name
		ADDED from AndroidManifest.xml:34:19
activity#ml.jokkolabs.fondasms.ui.TestPhoneNumbers
ADDED from AndroidManifest.xml:35:9
	android:label
		ADDED from AndroidManifest.xml:35:76
	android:name
		ADDED from AndroidManifest.xml:35:19
activity#ml.jokkolabs.fondasms.ui.IgnoredPhoneNumbers
ADDED from AndroidManifest.xml:36:9
	android:label
		ADDED from AndroidManifest.xml:36:79
	android:name
		ADDED from AndroidManifest.xml:36:19
activity#ml.jokkolabs.fondasms.ui.MessagingSmsInbox
ADDED from AndroidManifest.xml:37:9
	android:label
		ADDED from AndroidManifest.xml:37:77
	android:name
		ADDED from AndroidManifest.xml:37:19
activity#ml.jokkolabs.fondasms.ui.MessagingMmsInbox
ADDED from AndroidManifest.xml:38:9
	android:label
		ADDED from AndroidManifest.xml:38:77
	android:name
		ADDED from AndroidManifest.xml:38:19
activity#ml.jokkolabs.fondasms.ui.MessagingSentSms
ADDED from AndroidManifest.xml:39:9
	android:label
		ADDED from AndroidManifest.xml:39:76
	android:name
		ADDED from AndroidManifest.xml:39:19
activity#ml.jokkolabs.fondasms.ui.PendingMessages
ADDED from AndroidManifest.xml:40:9
	android:label
		ADDED from AndroidManifest.xml:40:75
	android:name
		ADDED from AndroidManifest.xml:40:19
activity#ml.jokkolabs.fondasms.ui.Prefs
ADDED from AndroidManifest.xml:41:9
	android:label
		ADDED from AndroidManifest.xml:41:65
	android:name
		ADDED from AndroidManifest.xml:41:19
activity#ml.jokkolabs.fondasms.ui.ExpansionPacks
ADDED from AndroidManifest.xml:42:9
	android:label
		ADDED from AndroidManifest.xml:42:74
	android:name
		ADDED from AndroidManifest.xml:42:19
receiver#ml.jokkolabs.fondasms.receiver.SmsReceiver
ADDED from AndroidManifest.xml:43:9
	android:name
		ADDED from AndroidManifest.xml:43:19
intent-filter#android.provider.Telephony.SMS_RECEIVED
ADDED from AndroidManifest.xml:44:13
	android:priority
		ADDED from AndroidManifest.xml:44:28
action#android.provider.Telephony.SMS_RECEIVED
ADDED from AndroidManifest.xml:45:17
	android:name
		ADDED from AndroidManifest.xml:45:25
receiver#ml.jokkolabs.fondasms.receiver.OutgoingSmsReceiver
ADDED from AndroidManifest.xml:49:9
	android:name
		ADDED from AndroidManifest.xml:49:19
intent-filter#ml.jokkolabs.fondasms.OUTGOING_SMS
ADDED from AndroidManifest.xml:50:13
action#ml.jokkolabs.fondasms.OUTGOING_SMS
ADDED from AndroidManifest.xml:51:17
	android:name
		ADDED from AndroidManifest.xml:51:25
data
ADDED from AndroidManifest.xml:52:17
	android:scheme
		ADDED from AndroidManifest.xml:52:23
receiver#ml.jokkolabs.fondasms.receiver.MessageStatusNotifier
ADDED from AndroidManifest.xml:56:9
	android:exported
		ADDED from AndroidManifest.xml:56:87
	android:name
		ADDED from AndroidManifest.xml:56:19
intent-filter#ml.jokkolabs.fondasms.MESSAGE_STATUS
ADDED from AndroidManifest.xml:57:13
action#ml.jokkolabs.fondasms.MESSAGE_STATUS
ADDED from AndroidManifest.xml:58:17
	android:name
		ADDED from AndroidManifest.xml:58:25
receiver#ml.jokkolabs.fondasms.receiver.NudgeReceiver
ADDED from AndroidManifest.xml:63:9
	android:exported
		ADDED from AndroidManifest.xml:63:79
	android:name
		ADDED from AndroidManifest.xml:63:19
intent-filter#android.intent.action.BOOT_COMPLETED+ml.jokkolabs.fondasms.NUDGE
ADDED from AndroidManifest.xml:64:13
action#ml.jokkolabs.fondasms.NUDGE
ADDED from AndroidManifest.xml:65:17
	android:name
		ADDED from AndroidManifest.xml:65:25
action#android.intent.action.BOOT_COMPLETED
ADDED from AndroidManifest.xml:66:17
	android:name
		ADDED from AndroidManifest.xml:66:25
receiver#ml.jokkolabs.fondasms.receiver.MessageDeliveryNotifier
ADDED from AndroidManifest.xml:73:9
	android:exported
		ADDED from AndroidManifest.xml:73:89
	android:name
		ADDED from AndroidManifest.xml:73:19
intent-filter#ml.jokkolabs.fondasms.MESSAGE_DELIVERY
ADDED from AndroidManifest.xml:74:13
action#ml.jokkolabs.fondasms.MESSAGE_DELIVERY
ADDED from AndroidManifest.xml:75:17
	android:name
		ADDED from AndroidManifest.xml:75:25
receiver#ml.jokkolabs.fondasms.receiver.DequeueOutgoingMessageReceiver
ADDED from AndroidManifest.xml:81:9
	android:name
		ADDED from AndroidManifest.xml:81:19
receiver#ml.jokkolabs.fondasms.receiver.OutgoingMessageTimeout
ADDED from AndroidManifest.xml:84:9
	android:name
		ADDED from AndroidManifest.xml:84:19
receiver#ml.jokkolabs.fondasms.receiver.OutgoingMessagePoller
ADDED from AndroidManifest.xml:87:9
	android:name
		ADDED from AndroidManifest.xml:87:19
receiver#ml.jokkolabs.fondasms.receiver.OutgoingMessageRetry
ADDED from AndroidManifest.xml:90:9
	android:name
		ADDED from AndroidManifest.xml:90:19
receiver#ml.jokkolabs.fondasms.receiver.IncomingMessageRetry
ADDED from AndroidManifest.xml:93:9
	android:name
		ADDED from AndroidManifest.xml:93:19
receiver#ml.jokkolabs.fondasms.receiver.ReenableWifiReceiver
ADDED from AndroidManifest.xml:96:9
	android:name
		ADDED from AndroidManifest.xml:96:19
receiver#ml.jokkolabs.fondasms.receiver.StartAmqpConsumer
ADDED from AndroidManifest.xml:99:9
	android:name
		ADDED from AndroidManifest.xml:99:19
receiver#ml.jokkolabs.fondasms.receiver.ExpansionPackInstallReceiver
ADDED from AndroidManifest.xml:102:9
	android:name
		ADDED from AndroidManifest.xml:102:19
intent-filter#android.intent.action.PACKAGE_ADDED+android.intent.action.PACKAGE_REMOVED+android.intent.action.PACKAGE_REPLACED
ADDED from AndroidManifest.xml:103:13
action#android.intent.action.PACKAGE_ADDED
ADDED from AndroidManifest.xml:104:18
	android:name
		ADDED from AndroidManifest.xml:104:26
action#android.intent.action.PACKAGE_REMOVED
ADDED from AndroidManifest.xml:105:18
	android:name
		ADDED from AndroidManifest.xml:105:26
action#android.intent.action.PACKAGE_REPLACED
ADDED from AndroidManifest.xml:106:18
	android:name
		ADDED from AndroidManifest.xml:106:26
receiver#ml.jokkolabs.fondasms.receiver.ConnectivityChangeReceiver
ADDED from AndroidManifest.xml:111:9
	android:name
		ADDED from AndroidManifest.xml:111:19
intent-filter#android.net.conn.CONNECTIVITY_CHANGE
ADDED from AndroidManifest.xml:112:13
action#android.net.conn.CONNECTIVITY_CHANGE
ADDED from AndroidManifest.xml:113:17
	android:name
		ADDED from AndroidManifest.xml:113:25
receiver#ml.jokkolabs.fondasms.receiver.DeviceStatusReceiver
ADDED from AndroidManifest.xml:117:9
	android:name
		ADDED from AndroidManifest.xml:117:19
intent-filter#android.intent.action.ACTION_POWER_CONNECTED+android.intent.action.ACTION_POWER_DISCONNECTED+android.intent.action.BATTERY_LOW+android.intent.action.BATTERY_OKAY
ADDED from AndroidManifest.xml:118:13
action#android.intent.action.ACTION_POWER_CONNECTED
ADDED from AndroidManifest.xml:119:17
	android:name
		ADDED from AndroidManifest.xml:119:25
action#android.intent.action.ACTION_POWER_DISCONNECTED
ADDED from AndroidManifest.xml:120:17
	android:name
		ADDED from AndroidManifest.xml:120:25
action#android.intent.action.BATTERY_LOW
ADDED from AndroidManifest.xml:121:17
	android:name
		ADDED from AndroidManifest.xml:121:25
action#android.intent.action.BATTERY_OKAY
ADDED from AndroidManifest.xml:122:17
	android:name
		ADDED from AndroidManifest.xml:122:25
service#ml.jokkolabs.fondasms.service.CheckMessagingService
ADDED from AndroidManifest.xml:126:9
	android:name
		ADDED from AndroidManifest.xml:126:18
service#ml.jokkolabs.fondasms.service.EnabledChangedService
ADDED from AndroidManifest.xml:129:9
	android:name
		ADDED from AndroidManifest.xml:129:18
service#ml.jokkolabs.fondasms.service.ForegroundService
ADDED from AndroidManifest.xml:132:9
	android:name
		ADDED from AndroidManifest.xml:132:18
service#ml.jokkolabs.fondasms.service.AmqpConsumerService
ADDED from AndroidManifest.xml:135:9
	android:name
		ADDED from AndroidManifest.xml:135:18
service#ml.jokkolabs.fondasms.service.AmqpHeartbeatService
ADDED from AndroidManifest.xml:138:9
	android:name
		ADDED from AndroidManifest.xml:138:18